{"C:\\Users\\reald\\OneDrive\\Escritorio\\chat\\chat_BE\\index.js": {"path":"C:\\Users\\reald\\OneDrive\\Escritorio\\chat\\chat_BE\\index.js","statementMap":{"0":{"start":{"line":1,"column":0},"end":{"line":1,"column":27}},"1":{"start":{"line":2,"column":16},"end":{"line":2,"column":34}},"2":{"start":{"line":3,"column":13},"end":{"line":3,"column":28}},"3":{"start":{"line":4,"column":19},"end":{"line":4,"column":39}},"4":{"start":{"line":5,"column":13},"end":{"line":5,"column":28}},"5":{"start":{"line":6,"column":15},"end":{"line":6,"column":32}},"6":{"start":{"line":7,"column":18},"end":{"line":7,"column":47}},"7":{"start":{"line":8,"column":12},"end":{"line":8,"column":26}},"8":{"start":{"line":9,"column":21},"end":{"line":9,"column":45}},"9":{"start":{"line":10,"column":15},"end":{"line":10,"column":32}},"10":{"start":{"line":11,"column":18},"end":{"line":11,"column":38}},"11":{"start":{"line":12,"column":39},"end":{"line":12,"column":67}},"12":{"start":{"line":13,"column":23},"end":{"line":13,"column":51}},"13":{"start":{"line":14,"column":27},"end":{"line":14,"column":55}},"14":{"start":{"line":17,"column":12},"end":{"line":17,"column":21}},"15":{"start":{"line":18,"column":15},"end":{"line":18,"column":37}},"16":{"start":{"line":21,"column":23},"end":{"line":23,"column":54}},"17":{"start":{"line":22,"column":51},"end":{"line":22,"column":61}},"18":{"start":{"line":25,"column":20},"end":{"line":45,"column":1}},"19":{"start":{"line":28,"column":4},"end":{"line":34,"column":5}},"20":{"start":{"line":29,"column":6},"end":{"line":31,"column":7}},"21":{"start":{"line":30,"column":8},"end":{"line":30,"column":55}},"22":{"start":{"line":33,"column":6},"end":{"line":33,"column":34}},"23":{"start":{"line":36,"column":4},"end":{"line":40,"column":5}},"24":{"start":{"line":37,"column":6},"end":{"line":37,"column":27}},"25":{"start":{"line":39,"column":6},"end":{"line":39,"column":51}},"26":{"start":{"line":48,"column":11},"end":{"line":53,"column":2}},"27":{"start":{"line":56,"column":0},"end":{"line":56,"column":18}},"28":{"start":{"line":57,"column":0},"end":{"line":57,"column":27}},"29":{"start":{"line":58,"column":0},"end":{"line":58,"column":24}},"30":{"start":{"line":59,"column":0},"end":{"line":59,"column":41}},"31":{"start":{"line":62,"column":20},"end":{"line":72,"column":2}},"32":{"start":{"line":75,"column":23},"end":{"line":83,"column":2}},"33":{"start":{"line":86,"column":0},"end":{"line":86,"column":33}},"34":{"start":{"line":89,"column":19},"end":{"line":89,"column":43}},"35":{"start":{"line":90,"column":15},"end":{"line":90,"column":31}},"36":{"start":{"line":93,"column":0},"end":{"line":93,"column":114}},"37":{"start":{"line":93,"column":62},"end":{"line":93,"column":88}},"38":{"start":{"line":94,"column":0},"end":{"line":94,"column":120}},"39":{"start":{"line":94,"column":65},"end":{"line":94,"column":94}},"40":{"start":{"line":97,"column":0},"end":{"line":97,"column":33}},"41":{"start":{"line":100,"column":0},"end":{"line":107,"column":3}},"42":{"start":{"line":101,"column":2},"end":{"line":106,"column":5}},"43":{"start":{"line":110,"column":0},"end":{"line":134,"column":3}},"44":{"start":{"line":111,"column":2},"end":{"line":133,"column":3}},"45":{"start":{"line":112,"column":21},"end":{"line":112,"column":33}},"46":{"start":{"line":114,"column":38},"end":{"line":118,"column":16}},"47":{"start":{"line":120,"column":4},"end":{"line":120,"column":27}},"48":{"start":{"line":120,"column":15},"end":{"line":120,"column":27}},"49":{"start":{"line":122,"column":4},"end":{"line":125,"column":7}},"50":{"start":{"line":127,"column":4},"end":{"line":127,"column":55}},"51":{"start":{"line":129,"column":4},"end":{"line":132,"column":7}},"52":{"start":{"line":137,"column":23},"end":{"line":137,"column":32}},"53":{"start":{"line":140,"column":0},"end":{"line":191,"column":3}},"54":{"start":{"line":141,"column":2},"end":{"line":190,"column":3}},"55":{"start":{"line":143,"column":20},"end":{"line":143,"column":51}},"56":{"start":{"line":145,"column":4},"end":{"line":147,"column":5}},"57":{"start":{"line":146,"column":6},"end":{"line":146,"column":64}},"58":{"start":{"line":150,"column":22},"end":{"line":150,"column":43}},"59":{"start":{"line":153,"column":20},"end":{"line":153,"column":42}},"60":{"start":{"line":154,"column":20},"end":{"line":157,"column":5}},"61":{"start":{"line":159,"column":21},"end":{"line":159,"column":65}},"62":{"start":{"line":162,"column":41},"end":{"line":162,"column":73}},"63":{"start":{"line":164,"column":4},"end":{"line":166,"column":5}},"64":{"start":{"line":165,"column":6},"end":{"line":165,"column":59}},"65":{"start":{"line":169,"column":49},"end":{"line":169,"column":78}},"66":{"start":{"line":171,"column":4},"end":{"line":173,"column":5}},"67":{"start":{"line":172,"column":6},"end":{"line":172,"column":50}},"68":{"start":{"line":176,"column":24},"end":{"line":176,"column":80}},"69":{"start":{"line":177,"column":30},"end":{"line":177,"column":59}},"70":{"start":{"line":180,"column":4},"end":{"line":184,"column":6}},"71":{"start":{"line":186,"column":4},"end":{"line":186,"column":11}},"72":{"start":{"line":188,"column":4},"end":{"line":188,"column":62}},"73":{"start":{"line":189,"column":4},"end":{"line":189,"column":46}},"74":{"start":{"line":194,"column":0},"end":{"line":298,"column":3}},"75":{"start":{"line":195,"column":2},"end":{"line":195,"column":77}},"76":{"start":{"line":198,"column":2},"end":{"line":202,"column":5}},"77":{"start":{"line":205,"column":2},"end":{"line":205,"column":63}},"78":{"start":{"line":208,"column":2},"end":{"line":211,"column":5}},"79":{"start":{"line":214,"column":2},"end":{"line":267,"column":5}},"80":{"start":{"line":215,"column":4},"end":{"line":266,"column":5}},"81":{"start":{"line":217,"column":6},"end":{"line":219,"column":7}},"82":{"start":{"line":218,"column":8},"end":{"line":218,"column":69}},"83":{"start":{"line":222,"column":6},"end":{"line":224,"column":7}},"84":{"start":{"line":223,"column":8},"end":{"line":223,"column":101}},"85":{"start":{"line":227,"column":31},"end":{"line":227,"column":55}},"86":{"start":{"line":229,"column":6},"end":{"line":231,"column":7}},"87":{"start":{"line":230,"column":8},"end":{"line":230,"column":66}},"88":{"start":{"line":233,"column":6},"end":{"line":233,"column":60}},"89":{"start":{"line":236,"column":22},"end":{"line":236,"column":37}},"90":{"start":{"line":237,"column":22},"end":{"line":237,"column":65}},"91":{"start":{"line":238,"column":23},"end":{"line":238,"column":67}},"92":{"start":{"line":241,"column":42},"end":{"line":251,"column":17}},"93":{"start":{"line":253,"column":6},"end":{"line":253,"column":29}},"94":{"start":{"line":253,"column":17},"end":{"line":253,"column":29}},"95":{"start":{"line":256,"column":6},"end":{"line":261,"column":9}},"96":{"start":{"line":264,"column":6},"end":{"line":264,"column":56}},"97":{"start":{"line":265,"column":6},"end":{"line":265,"column":67}},"98":{"start":{"line":270,"column":2},"end":{"line":274,"column":5}},"99":{"start":{"line":271,"column":4},"end":{"line":273,"column":7}},"100":{"start":{"line":277,"column":2},"end":{"line":281,"column":5}},"101":{"start":{"line":278,"column":4},"end":{"line":280,"column":7}},"102":{"start":{"line":284,"column":2},"end":{"line":297,"column":5}},"103":{"start":{"line":285,"column":4},"end":{"line":285,"column":67}},"104":{"start":{"line":287,"column":4},"end":{"line":287,"column":37}},"105":{"start":{"line":290,"column":4},"end":{"line":290,"column":65}},"106":{"start":{"line":293,"column":4},"end":{"line":296,"column":7}},"107":{"start":{"line":301,"column":0},"end":{"line":319,"column":3}},"108":{"start":{"line":303,"column":2},"end":{"line":310,"column":5}},"109":{"start":{"line":313,"column":2},"end":{"line":318,"column":5}},"110":{"start":{"line":322,"column":13},"end":{"line":322,"column":37}},"111":{"start":{"line":323,"column":0},"end":{"line":334,"column":3}},"112":{"start":{"line":324,"column":2},"end":{"line":324,"column":57}},"113":{"start":{"line":325,"column":2},"end":{"line":325,"column":54}},"114":{"start":{"line":326,"column":2},"end":{"line":326,"column":75}},"115":{"start":{"line":329,"column":2},"end":{"line":333,"column":3}},"116":{"start":{"line":330,"column":4},"end":{"line":330,"column":77}},"117":{"start":{"line":331,"column":4},"end":{"line":331,"column":74}},"118":{"start":{"line":332,"column":4},"end":{"line":332,"column":66}}},"fnMap":{"0":{"name":"(anonymous_0)","decl":{"start":{"line":22,"column":44},"end":{"line":22,"column":45}},"loc":{"start":{"line":22,"column":51},"end":{"line":22,"column":61}},"line":22},"1":{"name":"(anonymous_1)","decl":{"start":{"line":26,"column":10},"end":{"line":26,"column":11}},"loc":{"start":{"line":26,"column":38},"end":{"line":41,"column":3}},"line":26},"2":{"name":"(anonymous_2)","decl":{"start":{"line":93,"column":57},"end":{"line":93,"column":58}},"loc":{"start":{"line":93,"column":62},"end":{"line":93,"column":88}},"line":93},"3":{"name":"(anonymous_3)","decl":{"start":{"line":94,"column":60},"end":{"line":94,"column":61}},"loc":{"start":{"line":94,"column":65},"end":{"line":94,"column":94}},"line":94},"4":{"name":"(anonymous_4)","decl":{"start":{"line":100,"column":13},"end":{"line":100,"column":14}},"loc":{"start":{"line":100,"column":27},"end":{"line":107,"column":1}},"line":100},"5":{"name":"(anonymous_5)","decl":{"start":{"line":110,"column":41},"end":{"line":110,"column":42}},"loc":{"start":{"line":110,"column":61},"end":{"line":134,"column":1}},"line":110},"6":{"name":"(anonymous_6)","decl":{"start":{"line":140,"column":7},"end":{"line":140,"column":8}},"loc":{"start":{"line":140,"column":31},"end":{"line":191,"column":1}},"line":140},"7":{"name":"(anonymous_7)","decl":{"start":{"line":155,"column":14},"end":{"line":155,"column":15}},"loc":{"start":{"line":155,"column":20},"end":{"line":155,"column":22}},"line":155},"8":{"name":"(anonymous_8)","decl":{"start":{"line":156,"column":19},"end":{"line":156,"column":20}},"loc":{"start":{"line":156,"column":25},"end":{"line":156,"column":27}},"line":156},"9":{"name":"(anonymous_9)","decl":{"start":{"line":194,"column":20},"end":{"line":194,"column":21}},"loc":{"start":{"line":194,"column":32},"end":{"line":298,"column":1}},"line":194},"10":{"name":"(anonymous_10)","decl":{"start":{"line":214,"column":28},"end":{"line":214,"column":29}},"loc":{"start":{"line":214,"column":44},"end":{"line":267,"column":3}},"line":214},"11":{"name":"(anonymous_11)","decl":{"start":{"line":237,"column":32},"end":{"line":237,"column":33}},"loc":{"start":{"line":237,"column":38},"end":{"line":237,"column":40}},"line":237},"12":{"name":"(anonymous_12)","decl":{"start":{"line":237,"column":55},"end":{"line":237,"column":56}},"loc":{"start":{"line":237,"column":61},"end":{"line":237,"column":63}},"line":237},"13":{"name":"(anonymous_13)","decl":{"start":{"line":270,"column":22},"end":{"line":270,"column":23}},"loc":{"start":{"line":270,"column":28},"end":{"line":274,"column":3}},"line":270},"14":{"name":"(anonymous_14)","decl":{"start":{"line":277,"column":27},"end":{"line":277,"column":28}},"loc":{"start":{"line":277,"column":33},"end":{"line":281,"column":3}},"line":277},"15":{"name":"(anonymous_15)","decl":{"start":{"line":284,"column":26},"end":{"line":284,"column":27}},"loc":{"start":{"line":284,"column":32},"end":{"line":297,"column":3}},"line":284},"16":{"name":"(anonymous_16)","decl":{"start":{"line":301,"column":8},"end":{"line":301,"column":9}},"loc":{"start":{"line":301,"column":33},"end":{"line":319,"column":1}},"line":301},"17":{"name":"(anonymous_17)","decl":{"start":{"line":323,"column":31},"end":{"line":323,"column":32}},"loc":{"start":{"line":323,"column":37},"end":{"line":334,"column":1}},"line":323}},"branchMap":{"0":{"loc":{"start":{"line":21,"column":23},"end":{"line":23,"column":54}},"type":"cond-expr","locations":[{"start":{"line":22,"column":4},"end":{"line":22,"column":62}},{"start":{"line":23,"column":4},"end":{"line":23,"column":54}}],"line":21},"1":{"loc":{"start":{"line":28,"column":4},"end":{"line":34,"column":5}},"type":"if","locations":[{"start":{"line":28,"column":4},"end":{"line":34,"column":5}},{"start":{},"end":{}}],"line":28},"2":{"loc":{"start":{"line":29,"column":6},"end":{"line":31,"column":7}},"type":"if","locations":[{"start":{"line":29,"column":6},"end":{"line":31,"column":7}},{"start":{},"end":{}}],"line":29},"3":{"loc":{"start":{"line":36,"column":4},"end":{"line":40,"column":5}},"type":"if","locations":[{"start":{"line":36,"column":4},"end":{"line":40,"column":5}},{"start":{"line":38,"column":11},"end":{"line":40,"column":5}}],"line":36},"4":{"loc":{"start":{"line":120,"column":4},"end":{"line":120,"column":27}},"type":"if","locations":[{"start":{"line":120,"column":4},"end":{"line":120,"column":27}},{"start":{},"end":{}}],"line":120},"5":{"loc":{"start":{"line":124,"column":16},"end":{"line":124,"column":30}},"type":"binary-expr","locations":[{"start":{"line":124,"column":16},"end":{"line":124,"column":24}},{"start":{"line":124,"column":28},"end":{"line":124,"column":30}}],"line":124},"6":{"loc":{"start":{"line":131,"column":15},"end":{"line":131,"column":93}},"type":"cond-expr","locations":[{"start":{"line":131,"column":55},"end":{"line":131,"column":77}},{"start":{"line":131,"column":80},"end":{"line":131,"column":93}}],"line":131},"7":{"loc":{"start":{"line":145,"column":4},"end":{"line":147,"column":5}},"type":"if","locations":[{"start":{"line":145,"column":4},"end":{"line":147,"column":5}},{"start":{},"end":{}}],"line":145},"8":{"loc":{"start":{"line":164,"column":4},"end":{"line":166,"column":5}},"type":"if","locations":[{"start":{"line":164,"column":4},"end":{"line":166,"column":5}},{"start":{},"end":{}}],"line":164},"9":{"loc":{"start":{"line":164,"column":8},"end":{"line":164,"column":25}},"type":"binary-expr","locations":[{"start":{"line":164,"column":8},"end":{"line":164,"column":13}},{"start":{"line":164,"column":17},"end":{"line":164,"column":25}}],"line":164},"10":{"loc":{"start":{"line":171,"column":4},"end":{"line":173,"column":5}},"type":"if","locations":[{"start":{"line":171,"column":4},"end":{"line":173,"column":5}},{"start":{},"end":{}}],"line":171},"11":{"loc":{"start":{"line":171,"column":8},"end":{"line":171,"column":26}},"type":"binary-expr","locations":[{"start":{"line":171,"column":8},"end":{"line":171,"column":17}},{"start":{"line":171,"column":21},"end":{"line":171,"column":26}}],"line":171},"12":{"loc":{"start":{"line":176,"column":24},"end":{"line":176,"column":80}},"type":"binary-expr","locations":[{"start":{"line":176,"column":24},"end":{"line":176,"column":52}},{"start":{"line":176,"column":56},"end":{"line":176,"column":80}}],"line":176},"13":{"loc":{"start":{"line":217,"column":6},"end":{"line":219,"column":7}},"type":"if","locations":[{"start":{"line":217,"column":6},"end":{"line":219,"column":7}},{"start":{},"end":{}}],"line":217},"14":{"loc":{"start":{"line":217,"column":10},"end":{"line":217,"column":68}},"type":"binary-expr","locations":[{"start":{"line":217,"column":10},"end":{"line":217,"column":15}},{"start":{"line":217,"column":19},"end":{"line":217,"column":32}},{"start":{"line":217,"column":36},"end":{"line":217,"column":68}}],"line":217},"15":{"loc":{"start":{"line":222,"column":6},"end":{"line":224,"column":7}},"type":"if","locations":[{"start":{"line":222,"column":6},"end":{"line":224,"column":7}},{"start":{},"end":{}}],"line":222},"16":{"loc":{"start":{"line":229,"column":6},"end":{"line":231,"column":7}},"type":"if","locations":[{"start":{"line":229,"column":6},"end":{"line":231,"column":7}},{"start":{},"end":{}}],"line":229},"17":{"loc":{"start":{"line":253,"column":6},"end":{"line":253,"column":29}},"type":"if","locations":[{"start":{"line":253,"column":6},"end":{"line":253,"column":29}},{"start":{},"end":{}}],"line":253},"18":{"loc":{"start":{"line":313,"column":13},"end":{"line":313,"column":30}},"type":"binary-expr","locations":[{"start":{"line":313,"column":13},"end":{"line":313,"column":23}},{"start":{"line":313,"column":27},"end":{"line":313,"column":30}}],"line":313},"19":{"loc":{"start":{"line":315,"column":13},"end":{"line":317,"column":19}},"type":"cond-expr","locations":[{"start":{"line":316,"column":8},"end":{"line":316,"column":30}},{"start":{"line":317,"column":8},"end":{"line":317,"column":19}}],"line":315},"20":{"loc":{"start":{"line":322,"column":13},"end":{"line":322,"column":37}},"type":"binary-expr","locations":[{"start":{"line":322,"column":13},"end":{"line":322,"column":29}},{"start":{"line":322,"column":33},"end":{"line":322,"column":37}}],"line":322},"21":{"loc":{"start":{"line":329,"column":2},"end":{"line":333,"column":3}},"type":"if","locations":[{"start":{"line":329,"column":2},"end":{"line":333,"column":3}},{"start":{},"end":{}}],"line":329}},"s":{"0":1,"1":1,"2":1,"3":1,"4":1,"5":1,"6":1,"7":1,"8":1,"9":1,"10":1,"11":1,"12":1,"13":1,"14":1,"15":1,"16":1,"17":0,"18":1,"19":0,"20":0,"21":0,"22":0,"23":0,"24":0,"25":0,"26":1,"27":1,"28":1,"29":1,"30":1,"31":1,"32":1,"33":1,"34":1,"35":1,"36":1,"37":3,"38":1,"39":2,"40":1,"41":1,"42":0,"43":1,"44":0,"45":0,"46":0,"47":0,"48":0,"49":0,"50":0,"51":0,"52":1,"53":1,"54":0,"55":0,"56":0,"57":0,"58":0,"59":0,"60":0,"61":0,"62":0,"63":0,"64":0,"65":0,"66":0,"67":0,"68":0,"69":0,"70":0,"71":0,"72":0,"73":0,"74":1,"75":0,"76":0,"77":0,"78":0,"79":0,"80":0,"81":0,"82":0,"83":0,"84":0,"85":0,"86":0,"87":0,"88":0,"89":0,"90":0,"91":0,"92":0,"93":0,"94":0,"95":0,"96":0,"97":0,"98":0,"99":0,"100":0,"101":0,"102":0,"103":0,"104":0,"105":0,"106":0,"107":1,"108":0,"109":0,"110":1,"111":1,"112":0,"113":0,"114":0,"115":0,"116":0,"117":0,"118":0},"f":{"0":0,"1":0,"2":3,"3":2,"4":0,"5":0,"6":0,"7":0,"8":0,"9":0,"10":0,"11":0,"12":0,"13":0,"14":0,"15":0,"16":0,"17":0},"b":{"0":[0,1],"1":[0,0],"2":[0,0],"3":[0,0],"4":[0,0],"5":[0,0],"6":[0,0],"7":[0,0],"8":[0,0],"9":[0,0],"10":[0,0],"11":[0,0],"12":[0,0],"13":[0,0],"14":[0,0,0],"15":[0,0],"16":[0,0],"17":[0,0],"18":[0,0],"19":[0,0],"20":[1,0],"21":[0,0]},"_coverageSchema":"1a1c01bbd47fc00a2c39e90264f33305004495a9","hash":"5e4dc8e3f0f21c0fb6d411e0882642b3db3e7836"}
,"C:\\Users\\reald\\OneDrive\\Escritorio\\chat\\chat_BE\\middleware\\auth.js": {"path":"C:\\Users\\reald\\OneDrive\\Escritorio\\chat\\chat_BE\\middleware\\auth.js","statementMap":{"0":{"start":{"line":1,"column":39},"end":{"line":1,"column":68}},"1":{"start":{"line":4,"column":23},"end":{"line":41,"column":1}},"2":{"start":{"line":5,"column":2},"end":{"line":40,"column":3}},"3":{"start":{"line":6,"column":21},"end":{"line":6,"column":57}},"4":{"start":{"line":9,"column":41},"end":{"line":9,"column":73}},"5":{"start":{"line":11,"column":4},"end":{"line":16,"column":5}},"6":{"start":{"line":12,"column":6},"end":{"line":15,"column":9}},"7":{"start":{"line":19,"column":49},"end":{"line":19,"column":78}},"8":{"start":{"line":21,"column":4},"end":{"line":26,"column":5}},"9":{"start":{"line":22,"column":6},"end":{"line":25,"column":9}},"10":{"start":{"line":29,"column":4},"end":{"line":29,"column":20}},"11":{"start":{"line":30,"column":4},"end":{"line":30,"column":26}},"12":{"start":{"line":31,"column":4},"end":{"line":31,"column":28}},"13":{"start":{"line":33,"column":4},"end":{"line":33,"column":11}},"14":{"start":{"line":35,"column":4},"end":{"line":35,"column":53}},"15":{"start":{"line":36,"column":4},"end":{"line":39,"column":7}},"16":{"start":{"line":43,"column":0},"end":{"line":43,"column":32}}},"fnMap":{"0":{"name":"(anonymous_0)","decl":{"start":{"line":4,"column":23},"end":{"line":4,"column":24}},"loc":{"start":{"line":4,"column":49},"end":{"line":41,"column":1}},"line":4}},"branchMap":{"0":{"loc":{"start":{"line":11,"column":4},"end":{"line":16,"column":5}},"type":"if","locations":[{"start":{"line":11,"column":4},"end":{"line":16,"column":5}},{"start":{},"end":{}}],"line":11},"1":{"loc":{"start":{"line":11,"column":8},"end":{"line":11,"column":25}},"type":"binary-expr","locations":[{"start":{"line":11,"column":8},"end":{"line":11,"column":13}},{"start":{"line":11,"column":17},"end":{"line":11,"column":25}}],"line":11},"2":{"loc":{"start":{"line":21,"column":4},"end":{"line":26,"column":5}},"type":"if","locations":[{"start":{"line":21,"column":4},"end":{"line":26,"column":5}},{"start":{},"end":{}}],"line":21},"3":{"loc":{"start":{"line":21,"column":8},"end":{"line":21,"column":26}},"type":"binary-expr","locations":[{"start":{"line":21,"column":8},"end":{"line":21,"column":17}},{"start":{"line":21,"column":21},"end":{"line":21,"column":26}}],"line":21}},"s":{"0":1,"1":1,"2":0,"3":0,"4":0,"5":0,"6":0,"7":0,"8":0,"9":0,"10":0,"11":0,"12":0,"13":0,"14":0,"15":0,"16":1},"f":{"0":0},"b":{"0":[0,0],"1":[0,0],"2":[0,0],"3":[0,0]},"_coverageSchema":"1a1c01bbd47fc00a2c39e90264f33305004495a9","hash":"d18be6fa786583eb406c4acdaaac66f43c0118fa"}
,"C:\\Users\\reald\\OneDrive\\Escritorio\\chat\\chat_BE\\routes\\auth.js": {"path":"C:\\Users\\reald\\OneDrive\\Escritorio\\chat\\chat_BE\\routes\\auth.js","statementMap":{"0":{"start":{"line":1,"column":16},"end":{"line":1,"column":34}},"1":{"start":{"line":2,"column":15},"end":{"line":2,"column":31}},"2":{"start":{"line":3,"column":18},"end":{"line":3,"column":38}},"3":{"start":{"line":4,"column":39},"end":{"line":4,"column":68}},"4":{"start":{"line":5,"column":23},"end":{"line":5,"column":52}},"5":{"start":{"line":6,"column":42},"end":{"line":6,"column":71}},"6":{"start":{"line":9,"column":0},"end":{"line":12,"column":3}},"7":{"start":{"line":10,"column":20},"end":{"line":10,"column":43}},"8":{"start":{"line":11,"column":2},"end":{"line":11,"column":26}},"9":{"start":{"line":15,"column":0},"end":{"line":94,"column":3}},"10":{"start":{"line":16,"column":2},"end":{"line":93,"column":3}},"11":{"start":{"line":17,"column":42},"end":{"line":17,"column":50}},"12":{"start":{"line":20,"column":4},"end":{"line":25,"column":5}},"13":{"start":{"line":21,"column":6},"end":{"line":24,"column":9}},"14":{"start":{"line":28,"column":4},"end":{"line":33,"column":5}},"15":{"start":{"line":29,"column":6},"end":{"line":32,"column":9}},"16":{"start":{"line":36,"column":4},"end":{"line":41,"column":5}},"17":{"start":{"line":37,"column":6},"end":{"line":40,"column":9}},"18":{"start":{"line":44,"column":4},"end":{"line":49,"column":5}},"19":{"start":{"line":45,"column":6},"end":{"line":48,"column":9}},"20":{"start":{"line":52,"column":30},"end":{"line":52,"column":63}},"21":{"start":{"line":54,"column":21},"end":{"line":54,"column":57}},"22":{"start":{"line":57,"column":28},"end":{"line":65,"column":6}},"23":{"start":{"line":67,"column":4},"end":{"line":73,"column":5}},"24":{"start":{"line":68,"column":6},"end":{"line":68,"column":49}},"25":{"start":{"line":69,"column":6},"end":{"line":72,"column":9}},"26":{"start":{"line":76,"column":4},"end":{"line":84,"column":7}},"27":{"start":{"line":87,"column":4},"end":{"line":87,"column":47}},"28":{"start":{"line":89,"column":4},"end":{"line":92,"column":7}},"29":{"start":{"line":97,"column":0},"end":{"line":142,"column":3}},"30":{"start":{"line":98,"column":2},"end":{"line":141,"column":3}},"31":{"start":{"line":99,"column":32},"end":{"line":99,"column":40}},"32":{"start":{"line":101,"column":4},"end":{"line":106,"column":5}},"33":{"start":{"line":102,"column":6},"end":{"line":105,"column":9}},"34":{"start":{"line":108,"column":21},"end":{"line":108,"column":57}},"35":{"start":{"line":111,"column":28},"end":{"line":114,"column":6}},"36":{"start":{"line":116,"column":4},"end":{"line":121,"column":5}},"37":{"start":{"line":117,"column":6},"end":{"line":120,"column":9}},"38":{"start":{"line":124,"column":4},"end":{"line":132,"column":7}},"39":{"start":{"line":135,"column":4},"end":{"line":135,"column":44}},"40":{"start":{"line":137,"column":4},"end":{"line":140,"column":7}},"41":{"start":{"line":145,"column":0},"end":{"line":172,"column":3}},"42":{"start":{"line":146,"column":2},"end":{"line":171,"column":3}},"43":{"start":{"line":147,"column":21},"end":{"line":147,"column":57}},"44":{"start":{"line":149,"column":22},"end":{"line":149,"column":51}},"45":{"start":{"line":151,"column":4},"end":{"line":156,"column":5}},"46":{"start":{"line":152,"column":6},"end":{"line":155,"column":9}},"47":{"start":{"line":159,"column":4},"end":{"line":162,"column":7}},"48":{"start":{"line":165,"column":4},"end":{"line":165,"column":45}},"49":{"start":{"line":167,"column":4},"end":{"line":170,"column":7}},"50":{"start":{"line":175,"column":0},"end":{"line":207,"column":3}},"51":{"start":{"line":176,"column":2},"end":{"line":206,"column":3}},"52":{"start":{"line":177,"column":21},"end":{"line":177,"column":57}},"53":{"start":{"line":179,"column":41},"end":{"line":179,"column":73}},"54":{"start":{"line":181,"column":4},"end":{"line":186,"column":5}},"55":{"start":{"line":182,"column":6},"end":{"line":185,"column":9}},"56":{"start":{"line":188,"column":31},"end":{"line":188,"column":60}},"57":{"start":{"line":190,"column":4},"end":{"line":197,"column":7}},"58":{"start":{"line":200,"column":4},"end":{"line":200,"column":54}},"59":{"start":{"line":202,"column":4},"end":{"line":205,"column":7}},"60":{"start":{"line":210,"column":0},"end":{"line":241,"column":3}},"61":{"start":{"line":211,"column":2},"end":{"line":240,"column":3}},"62":{"start":{"line":212,"column":21},"end":{"line":212,"column":57}},"63":{"start":{"line":214,"column":28},"end":{"line":214,"column":64}},"64":{"start":{"line":216,"column":4},"end":{"line":221,"column":5}},"65":{"start":{"line":217,"column":6},"end":{"line":220,"column":9}},"66":{"start":{"line":223,"column":4},"end":{"line":231,"column":7}},"67":{"start":{"line":234,"column":4},"end":{"line":234,"column":54}},"68":{"start":{"line":236,"column":4},"end":{"line":239,"column":7}},"69":{"start":{"line":243,"column":0},"end":{"line":243,"column":24}}},"fnMap":{"0":{"name":"(anonymous_0)","decl":{"start":{"line":9,"column":26},"end":{"line":9,"column":27}},"loc":{"start":{"line":9,"column":40},"end":{"line":12,"column":1}},"line":9},"1":{"name":"(anonymous_1)","decl":{"start":{"line":15,"column":25},"end":{"line":15,"column":26}},"loc":{"start":{"line":15,"column":45},"end":{"line":94,"column":1}},"line":15},"2":{"name":"(anonymous_2)","decl":{"start":{"line":97,"column":22},"end":{"line":97,"column":23}},"loc":{"start":{"line":97,"column":42},"end":{"line":142,"column":1}},"line":97},"3":{"name":"(anonymous_3)","decl":{"start":{"line":145,"column":61},"end":{"line":145,"column":62}},"loc":{"start":{"line":145,"column":81},"end":{"line":172,"column":1}},"line":145},"4":{"name":"(anonymous_4)","decl":{"start":{"line":175,"column":23},"end":{"line":175,"column":24}},"loc":{"start":{"line":175,"column":43},"end":{"line":207,"column":1}},"line":175},"5":{"name":"(anonymous_5)","decl":{"start":{"line":210,"column":40},"end":{"line":210,"column":41}},"loc":{"start":{"line":210,"column":60},"end":{"line":241,"column":1}},"line":210}},"branchMap":{"0":{"loc":{"start":{"line":20,"column":4},"end":{"line":25,"column":5}},"type":"if","locations":[{"start":{"line":20,"column":4},"end":{"line":25,"column":5}},{"start":{},"end":{}}],"line":20},"1":{"loc":{"start":{"line":20,"column":8},"end":{"line":20,"column":40}},"type":"binary-expr","locations":[{"start":{"line":20,"column":8},"end":{"line":20,"column":14}},{"start":{"line":20,"column":18},"end":{"line":20,"column":27}},{"start":{"line":20,"column":31},"end":{"line":20,"column":40}}],"line":20},"2":{"loc":{"start":{"line":28,"column":4},"end":{"line":33,"column":5}},"type":"if","locations":[{"start":{"line":28,"column":4},"end":{"line":33,"column":5}},{"start":{},"end":{}}],"line":28},"3":{"loc":{"start":{"line":36,"column":4},"end":{"line":41,"column":5}},"type":"if","locations":[{"start":{"line":36,"column":4},"end":{"line":41,"column":5}},{"start":{},"end":{}}],"line":36},"4":{"loc":{"start":{"line":44,"column":4},"end":{"line":49,"column":5}},"type":"if","locations":[{"start":{"line":44,"column":4},"end":{"line":49,"column":5}},{"start":{},"end":{}}],"line":44},"5":{"loc":{"start":{"line":67,"column":4},"end":{"line":73,"column":5}},"type":"if","locations":[{"start":{"line":67,"column":4},"end":{"line":73,"column":5}},{"start":{},"end":{}}],"line":67},"6":{"loc":{"start":{"line":71,"column":17},"end":{"line":71,"column":62}},"type":"binary-expr","locations":[{"start":{"line":71,"column":17},"end":{"line":71,"column":30}},{"start":{"line":71,"column":34},"end":{"line":71,"column":62}}],"line":71},"7":{"loc":{"start":{"line":91,"column":15},"end":{"line":91,"column":93}},"type":"cond-expr","locations":[{"start":{"line":91,"column":55},"end":{"line":91,"column":77}},{"start":{"line":91,"column":80},"end":{"line":91,"column":93}}],"line":91},"8":{"loc":{"start":{"line":101,"column":4},"end":{"line":106,"column":5}},"type":"if","locations":[{"start":{"line":101,"column":4},"end":{"line":106,"column":5}},{"start":{},"end":{}}],"line":101},"9":{"loc":{"start":{"line":101,"column":8},"end":{"line":101,"column":27}},"type":"binary-expr","locations":[{"start":{"line":101,"column":8},"end":{"line":101,"column":14}},{"start":{"line":101,"column":18},"end":{"line":101,"column":27}}],"line":101},"10":{"loc":{"start":{"line":116,"column":4},"end":{"line":121,"column":5}},"type":"if","locations":[{"start":{"line":116,"column":4},"end":{"line":121,"column":5}},{"start":{},"end":{}}],"line":116},"11":{"loc":{"start":{"line":139,"column":15},"end":{"line":139,"column":93}},"type":"cond-expr","locations":[{"start":{"line":139,"column":55},"end":{"line":139,"column":77}},{"start":{"line":139,"column":80},"end":{"line":139,"column":93}}],"line":139},"12":{"loc":{"start":{"line":151,"column":4},"end":{"line":156,"column":5}},"type":"if","locations":[{"start":{"line":151,"column":4},"end":{"line":156,"column":5}},{"start":{},"end":{}}],"line":151},"13":{"loc":{"start":{"line":169,"column":15},"end":{"line":169,"column":93}},"type":"cond-expr","locations":[{"start":{"line":169,"column":55},"end":{"line":169,"column":77}},{"start":{"line":169,"column":80},"end":{"line":169,"column":93}}],"line":169},"14":{"loc":{"start":{"line":181,"column":4},"end":{"line":186,"column":5}},"type":"if","locations":[{"start":{"line":181,"column":4},"end":{"line":186,"column":5}},{"start":{},"end":{}}],"line":181},"15":{"loc":{"start":{"line":181,"column":8},"end":{"line":181,"column":25}},"type":"binary-expr","locations":[{"start":{"line":181,"column":8},"end":{"line":181,"column":13}},{"start":{"line":181,"column":17},"end":{"line":181,"column":25}}],"line":181},"16":{"loc":{"start":{"line":204,"column":15},"end":{"line":204,"column":93}},"type":"cond-expr","locations":[{"start":{"line":204,"column":55},"end":{"line":204,"column":77}},{"start":{"line":204,"column":80},"end":{"line":204,"column":93}}],"line":204},"17":{"loc":{"start":{"line":216,"column":4},"end":{"line":221,"column":5}},"type":"if","locations":[{"start":{"line":216,"column":4},"end":{"line":221,"column":5}},{"start":{},"end":{}}],"line":216},"18":{"loc":{"start":{"line":238,"column":15},"end":{"line":238,"column":93}},"type":"cond-expr","locations":[{"start":{"line":238,"column":55},"end":{"line":238,"column":77}},{"start":{"line":238,"column":80},"end":{"line":238,"column":93}}],"line":238}},"s":{"0":1,"1":1,"2":1,"3":1,"4":1,"5":1,"6":1,"7":0,"8":0,"9":1,"10":0,"11":0,"12":0,"13":0,"14":0,"15":0,"16":0,"17":0,"18":0,"19":0,"20":0,"21":0,"22":0,"23":0,"24":0,"25":0,"26":0,"27":0,"28":0,"29":1,"30":0,"31":0,"32":0,"33":0,"34":0,"35":0,"36":0,"37":0,"38":0,"39":0,"40":0,"41":1,"42":0,"43":0,"44":0,"45":0,"46":0,"47":0,"48":0,"49":0,"50":1,"51":0,"52":0,"53":0,"54":0,"55":0,"56":0,"57":0,"58":0,"59":0,"60":1,"61":0,"62":0,"63":0,"64":0,"65":0,"66":0,"67":0,"68":0,"69":1},"f":{"0":0,"1":0,"2":0,"3":0,"4":0,"5":0},"b":{"0":[0,0],"1":[0,0,0],"2":[0,0],"3":[0,0],"4":[0,0],"5":[0,0],"6":[0,0],"7":[0,0],"8":[0,0],"9":[0,0],"10":[0,0],"11":[0,0],"12":[0,0],"13":[0,0],"14":[0,0],"15":[0,0],"16":[0,0],"17":[0,0],"18":[0,0]},"_coverageSchema":"1a1c01bbd47fc00a2c39e90264f33305004495a9","hash":"edb487552e14db28dadc7cf59d621672f0b5963f"}
}
