TN:
SF:index.js
FN:22,(anonymous_0)
FN:26,(anonymous_1)
FN:93,(anonymous_2)
FN:94,(anonymous_3)
FN:100,(anonymous_4)
FN:110,(anonymous_5)
FN:140,(anonymous_6)
FN:155,(anonymous_7)
FN:156,(anonymous_8)
FN:194,(anonymous_9)
FN:214,(anonymous_10)
FN:237,(anonymous_11)
FN:237,(anonymous_12)
FN:270,(anonymous_13)
FN:277,(anonymous_14)
FN:284,(anonymous_15)
FN:301,(anonymous_16)
FN:323,(anonymous_17)
FNF:18
FNH:2
FNDA:0,(anonymous_0)
FNDA:0,(anonymous_1)
FNDA:3,(anonymous_2)
FNDA:2,(anonymous_3)
FNDA:0,(anonymous_4)
FNDA:0,(anonymous_5)
FNDA:0,(anonymous_6)
FNDA:0,(anonymous_7)
FNDA:0,(anonymous_8)
FNDA:0,(anonymous_9)
FNDA:0,(anonymous_10)
FNDA:0,(anonymous_11)
FNDA:0,(anonymous_12)
FNDA:0,(anonymous_13)
FNDA:0,(anonymous_14)
FNDA:0,(anonymous_15)
FNDA:0,(anonymous_16)
FNDA:0,(anonymous_17)
DA:1,1
DA:2,1
DA:3,1
DA:4,1
DA:5,1
DA:6,1
DA:7,1
DA:8,1
DA:9,1
DA:10,1
DA:11,1
DA:12,1
DA:13,1
DA:14,1
DA:17,1
DA:18,1
DA:21,1
DA:22,0
DA:25,1
DA:28,0
DA:29,0
DA:30,0
DA:33,0
DA:36,0
DA:37,0
DA:39,0
DA:48,1
DA:56,1
DA:57,1
DA:58,1
DA:59,1
DA:62,1
DA:75,1
DA:86,1
DA:89,1
DA:90,1
DA:93,3
DA:94,2
DA:97,1
DA:100,1
DA:101,0
DA:110,1
DA:111,0
DA:112,0
DA:114,0
DA:120,0
DA:122,0
DA:127,0
DA:129,0
DA:137,1
DA:140,1
DA:141,0
DA:143,0
DA:145,0
DA:146,0
DA:150,0
DA:153,0
DA:154,0
DA:159,0
DA:162,0
DA:164,0
DA:165,0
DA:169,0
DA:171,0
DA:172,0
DA:176,0
DA:177,0
DA:180,0
DA:186,0
DA:188,0
DA:189,0
DA:194,1
DA:195,0
DA:198,0
DA:205,0
DA:208,0
DA:214,0
DA:215,0
DA:217,0
DA:218,0
DA:222,0
DA:223,0
DA:227,0
DA:229,0
DA:230,0
DA:233,0
DA:236,0
DA:237,0
DA:238,0
DA:241,0
DA:253,0
DA:256,0
DA:264,0
DA:265,0
DA:270,0
DA:271,0
DA:277,0
DA:278,0
DA:284,0
DA:285,0
DA:287,0
DA:290,0
DA:293,0
DA:301,1
DA:303,0
DA:313,0
DA:322,1
DA:323,1
DA:324,0
DA:325,0
DA:326,0
DA:329,0
DA:330,0
DA:331,0
DA:332,0
LF:115
LH:39
BRDA:21,0,0,0
BRDA:21,0,1,1
BRDA:28,1,0,0
BRDA:28,1,1,0
BRDA:29,2,0,0
BRDA:29,2,1,0
BRDA:36,3,0,0
BRDA:36,3,1,0
BRDA:120,4,0,0
BRDA:120,4,1,0
BRDA:124,5,0,0
BRDA:124,5,1,0
BRDA:131,6,0,0
BRDA:131,6,1,0
BRDA:145,7,0,0
BRDA:145,7,1,0
BRDA:164,8,0,0
BRDA:164,8,1,0
BRDA:164,9,0,0
BRDA:164,9,1,0
BRDA:171,10,0,0
BRDA:171,10,1,0
BRDA:171,11,0,0
BRDA:171,11,1,0
BRDA:176,12,0,0
BRDA:176,12,1,0
BRDA:217,13,0,0
BRDA:217,13,1,0
BRDA:217,14,0,0
BRDA:217,14,1,0
BRDA:217,14,2,0
BRDA:222,15,0,0
BRDA:222,15,1,0
BRDA:229,16,0,0
BRDA:229,16,1,0
BRDA:253,17,0,0
BRDA:253,17,1,0
BRDA:313,18,0,0
BRDA:313,18,1,0
BRDA:315,19,0,0
BRDA:315,19,1,0
BRDA:322,20,0,1
BRDA:322,20,1,0
BRDA:329,21,0,0
BRDA:329,21,1,0
BRF:45
BRH:2
end_of_record
TN:
SF:middleware\auth.js
FN:4,(anonymous_0)
FNF:1
FNH:0
FNDA:0,(anonymous_0)
DA:1,1
DA:4,1
DA:5,0
DA:6,0
DA:9,0
DA:11,0
DA:12,0
DA:19,0
DA:21,0
DA:22,0
DA:29,0
DA:30,0
DA:31,0
DA:33,0
DA:35,0
DA:36,0
DA:43,1
LF:17
LH:3
BRDA:11,0,0,0
BRDA:11,0,1,0
BRDA:11,1,0,0
BRDA:11,1,1,0
BRDA:21,2,0,0
BRDA:21,2,1,0
BRDA:21,3,0,0
BRDA:21,3,1,0
BRF:8
BRH:0
end_of_record
TN:
SF:routes\auth.js
FN:9,(anonymous_0)
FN:15,(anonymous_1)
FN:97,(anonymous_2)
FN:145,(anonymous_3)
FN:175,(anonymous_4)
FN:210,(anonymous_5)
FNF:6
FNH:0
FNDA:0,(anonymous_0)
FNDA:0,(anonymous_1)
FNDA:0,(anonymous_2)
FNDA:0,(anonymous_3)
FNDA:0,(anonymous_4)
FNDA:0,(anonymous_5)
DA:1,1
DA:2,1
DA:3,1
DA:4,1
DA:5,1
DA:6,1
DA:9,1
DA:10,0
DA:11,0
DA:15,1
DA:16,0
DA:17,0
DA:20,0
DA:21,0
DA:28,0
DA:29,0
DA:36,0
DA:37,0
DA:44,0
DA:45,0
DA:52,0
DA:54,0
DA:57,0
DA:67,0
DA:68,0
DA:69,0
DA:76,0
DA:87,0
DA:89,0
DA:97,1
DA:98,0
DA:99,0
DA:101,0
DA:102,0
DA:108,0
DA:111,0
DA:116,0
DA:117,0
DA:124,0
DA:135,0
DA:137,0
DA:145,1
DA:146,0
DA:147,0
DA:149,0
DA:151,0
DA:152,0
DA:159,0
DA:165,0
DA:167,0
DA:175,1
DA:176,0
DA:177,0
DA:179,0
DA:181,0
DA:182,0
DA:188,0
DA:190,0
DA:200,0
DA:202,0
DA:210,1
DA:211,0
DA:212,0
DA:214,0
DA:216,0
DA:217,0
DA:223,0
DA:234,0
DA:236,0
DA:243,1
LF:70
LH:13
BRDA:20,0,0,0
BRDA:20,0,1,0
BRDA:20,1,0,0
BRDA:20,1,1,0
BRDA:20,1,2,0
BRDA:28,2,0,0
BRDA:28,2,1,0
BRDA:36,3,0,0
BRDA:36,3,1,0
BRDA:44,4,0,0
BRDA:44,4,1,0
BRDA:67,5,0,0
BRDA:67,5,1,0
BRDA:71,6,0,0
BRDA:71,6,1,0
BRDA:91,7,0,0
BRDA:91,7,1,0
BRDA:101,8,0,0
BRDA:101,8,1,0
BRDA:101,9,0,0
BRDA:101,9,1,0
BRDA:116,10,0,0
BRDA:116,10,1,0
BRDA:139,11,0,0
BRDA:139,11,1,0
BRDA:151,12,0,0
BRDA:151,12,1,0
BRDA:169,13,0,0
BRDA:169,13,1,0
BRDA:181,14,0,0
BRDA:181,14,1,0
BRDA:181,15,0,0
BRDA:181,15,1,0
BRDA:204,16,0,0
BRDA:204,16,1,0
BRDA:216,17,0,0
BRDA:216,17,1,0
BRDA:238,18,0,0
BRDA:238,18,1,0
BRF:39
BRH:0
end_of_record
